{"name": "Создание заказа без авторизации", "status": "failed", "statusDetails": {"message": "AssertionError: assert 200 == 401\n +  where 200 = <Response [200]>.status_code", "trace": "self = <tests.test_create_order.TestCreateOrder object at 0x000001DA57BEA890>\n\n    @allure.title(\"Создание заказа без авторизации\")\n    def test_create_order_without_auth(self):\n        response = OrderClient.create_order(Ingredients.VALID)\n>       assert response.status_code == 401\nE       assert 200 == 401\nE        +  where 200 = <Response [200]>.status_code\n\ntests\\test_create_order.py:20: AssertionError"}, "steps": [{"name": "Создание заказа", "status": "passed", "parameters": [{"name": "order_data", "value": "{'ingredients': ['61c0c5a71d1f82001bdaaa6d', '61c0c5a71d1f82001bdaaa6f', '61c0c5a71d1f82001bdaaa72']}"}, {"name": "token", "value": "None"}], "start": 1757541442145, "stop": 1757541443264}], "start": 1757541442145, "stop": 1757541443264, "uuid": "a3656c7e-503e-4529-ba78-9178e944cf10", "historyId": "31626b131e085db93d76c3e2763e1288", "testCaseId": "31626b131e085db93d76c3e2763e1288", "fullName": "tests.test_create_order.TestCreateOrder#test_create_order_without_auth", "labels": [{"name": "suite", "value": "Создание заказов"}, {"name": "parentSuite", "value": "tests"}, {"name": "subSuite", "value": "TestCreateOrder"}, {"name": "host", "value": "LAPTOP-5V01LNCI"}, {"name": "thread", "value": "31976-MainThread"}, {"name": "framework", "value": "pytest"}, {"name": "language", "value": "cpython3"}, {"name": "package", "value": "tests.test_create_order"}], "titlePath": ["tests", "test_create_order.py", "TestCreateOrder"]}